<?xml version="1.0" encoding="UTF-8"?>
<testng-results ignored="3" total="7" passed="4" failed="0" skipped="0">
  <reporter-output>
  </reporter-output>
  <suite started-at="2026-02-19T12:07:46 IST" name="Suite" finished-at="2026-02-19T12:08:05 IST" duration-ms="19031">
    <groups>
    </groups>
    <test started-at="2026-02-19T12:07:46 IST" name="Test" finished-at="2026-02-19T12:08:05 IST" duration-ms="19031">
      <class name="mar4th.ValidateAdactinLogin">
        <test-method is-config="true" signature="setUp()[pri:0, instance:mar4th.ValidateAdactinLogin@59474f18]" started-at="2026-02-19T12:07:46 IST" name="setUp" finished-at="2026-02-19T12:07:52 IST" duration-ms="5937" status="PASS">
          <reporter-output>
          </reporter-output>
        </test-method> <!-- setUp -->
        <test-method signature="validateAdactinLoginTest1()[pri:0, instance:mar4th.ValidateAdactinLogin@59474f18]" started-at="2026-02-19T12:07:52 IST" name="validateAdactinLoginTest1" finished-at="2026-02-19T12:07:53 IST" duration-ms="1274" status="PASS">
          <reporter-output>
          </reporter-output>
        </test-method> <!-- validateAdactinLoginTest1 -->
        <test-method is-config="true" signature="teardown()[pri:0, instance:mar4th.ValidateAdactinLogin@59474f18]" started-at="2026-02-19T12:07:53 IST" name="teardown" finished-at="2026-02-19T12:07:58 IST" duration-ms="4284" status="PASS">
          <reporter-output>
          </reporter-output>
        </test-method> <!-- teardown -->
        <test-method is-config="true" signature="setUp()[pri:0, instance:mar4th.ValidateAdactinLogin@59474f18]" started-at="2026-02-19T12:07:58 IST" name="setUp" finished-at="2026-02-19T12:08:01 IST" duration-ms="3008" status="PASS">
          <reporter-output>
          </reporter-output>
        </test-method> <!-- setUp -->
        <test-method signature="validateAdactinLoginTest2()[pri:0, instance:mar4th.ValidateAdactinLogin@59474f18]" started-at="2026-02-19T12:08:01 IST" name="validateAdactinLoginTest2" finished-at="2026-02-19T12:08:02 IST" duration-ms="875" status="PASS">
          <reporter-output>
          </reporter-output>
        </test-method> <!-- validateAdactinLoginTest2 -->
        <test-method is-config="true" signature="teardown()[pri:0, instance:mar4th.ValidateAdactinLogin@59474f18]" started-at="2026-02-19T12:08:02 IST" name="teardown" finished-at="2026-02-19T12:08:05 IST" duration-ms="3431" status="PASS">
          <reporter-output>
          </reporter-output>
        </test-method> <!-- teardown -->
      </class> <!-- mar4th.ValidateAdactinLogin -->
      <class name="mar2nd.AdactinLogin">
        <test-method is-config="true" signature="setUp()[pri:0, instance:mar2nd.AdactinLogin@6cf0e0ba]" started-at="2026-02-19T12:07:46 IST" name="setUp" finished-at="2026-02-19T12:07:46 IST" duration-ms="19" status="PASS">
          <reporter-output>
          </reporter-output>
        </test-method> <!-- setUp -->
        <test-method signature="loginUsingValidUsernameAndValidPassword()[pri:0, instance:mar2nd.AdactinLogin@6cf0e0ba]" started-at="2026-02-19T12:07:46 IST" name="loginUsingValidUsernameAndValidPassword" finished-at="2026-02-19T12:07:46 IST" duration-ms="18" status="PASS">
          <reporter-output>
          </reporter-output>
        </test-method> <!-- loginUsingValidUsernameAndValidPassword -->
        <test-method is-config="true" signature="teardown()[pri:0, instance:mar2nd.AdactinLogin@6cf0e0ba]" started-at="2026-02-19T12:07:46 IST" name="teardown" finished-at="2026-02-19T12:07:46 IST" duration-ms="1" status="PASS">
          <reporter-output>
          </reporter-output>
        </test-method> <!-- teardown -->
        <test-method is-config="true" signature="setUp()[pri:0, instance:mar2nd.AdactinLogin@6cf0e0ba]" started-at="2026-02-19T12:07:46 IST" name="setUp" finished-at="2026-02-19T12:07:46 IST" duration-ms="1" status="PASS">
          <reporter-output>
          </reporter-output>
        </test-method> <!-- setUp -->
        <test-method signature="loginUsingInValidUsernameAndValidPassword()[pri:0, instance:mar2nd.AdactinLogin@6cf0e0ba]" started-at="2026-02-19T12:07:46 IST" name="loginUsingInValidUsernameAndValidPassword" finished-at="2026-02-19T12:07:46 IST" duration-ms="4" status="PASS">
          <reporter-output>
          </reporter-output>
        </test-method> <!-- loginUsingInValidUsernameAndValidPassword -->
        <test-method is-config="true" signature="teardown()[pri:0, instance:mar2nd.AdactinLogin@6cf0e0ba]" started-at="2026-02-19T12:07:46 IST" name="teardown" finished-at="2026-02-19T12:07:46 IST" duration-ms="0" status="PASS">
          <reporter-output>
          </reporter-output>
        </test-method> <!-- teardown -->
      </class> <!-- mar2nd.AdactinLogin -->
    </test> <!-- Test -->
  </suite> <!-- Suite -->
</testng-results>
