<?xml version="1.0" encoding="UTF-8"?>
<testng-results ignored="0" total="1" passed="1" failed="0" skipped="0">
  <reporter-output>
  </reporter-output>
  <suite started-at="2025-09-17T12:29:18 IST" name="Default suite" finished-at="2025-09-17T12:29:30 IST" duration-ms="12869">
    <groups>
    </groups>
    <test started-at="2025-09-17T12:29:18 IST" name="Default test" finished-at="2025-09-17T12:29:30 IST" duration-ms="12869">
      <class name="mar15th.WebTable3">
        <test-method is-config="true" signature="setUp()[pri:0, instance:mar15th.WebTable3@73a1e9a9]" started-at="2025-09-17T12:29:18 IST" name="setUp" finished-at="2025-09-17T12:29:20 IST" duration-ms="2023" status="PASS">
          <reporter-output>
          </reporter-output>
        </test-method> <!-- setUp -->
        <test-method signature="WorldClockDataDemo()[pri:0, instance:mar15th.WebTable3@73a1e9a9]" started-at="2025-09-17T12:29:20 IST" name="WorldClockDataDemo" finished-at="2025-09-17T12:29:27 IST" duration-ms="7420" status="PASS">
          <reporter-output>
          </reporter-output>
        </test-method> <!-- WorldClockDataDemo -->
        <test-method is-config="true" signature="tearDown()[pri:0, instance:mar15th.WebTable3@73a1e9a9]" started-at="2025-09-17T12:29:27 IST" name="tearDown" finished-at="2025-09-17T12:29:30 IST" duration-ms="3390" status="PASS">
          <reporter-output>
          </reporter-output>
        </test-method> <!-- tearDown -->
      </class> <!-- mar15th.WebTable3 -->
    </test> <!-- Default test -->
  </suite> <!-- Default suite -->
</testng-results>
