<?xml version="1.0" encoding="UTF-8"?>
<!-- Generated by org.testng.reporters.JUnitReportReporter -->
<testsuite hostname="Madan" failures="0" tests="3" name="seleniumPrcatice.AdactinLoginbyTestNG" time="0.013" errors="0" timestamp="2025-08-31T15:45:39 IST" skipped="0">
  <testcase classname="seleniumPrcatice.AdactinLoginbyTestNG" name="loginUsingValidUsernameAndValidPassword" time="0.009"/>
  <testcase classname="seleniumPrcatice.AdactinLoginbyTestNG" name="loginUsingInValidUsernameAndValidPassword" time="0.003"/>
  <testcase classname="seleniumPrcatice.AdactinLoginbyTestNG" name="loginUsingValidUsernameAndInValidPassword" time="0.001"/>
</testsuite> <!-- seleniumPrcatice.AdactinLoginbyTestNG -->
