<?xml version="1.0" encoding="UTF-8"?>
<!-- Generated by org.testng.reporters.JUnitReportReporter -->
<testsuite hostname="Madan" failures="0" tests="3" name="seleniumPrcatice.AdactinLoginwithTestNG" time="0.011" errors="0" timestamp="2025-08-31T16:09:18 IST" skipped="0">
  <testcase classname="seleniumPrcatice.AdactinLoginwithTestNG" name="loginUsingValidUsernameAndValidPassword" time="0.001"/>
  <testcase classname="seleniumPrcatice.AdactinLoginwithTestNG" name="loginUsingValidUsernameAndInValidPassword" time="0.002"/>
  <testcase classname="seleniumPrcatice.AdactinLoginwithTestNG" name="loginUsingInValidUsernameAndValidPassword" time="0.008"/>
</testsuite> <!-- seleniumPrcatice.AdactinLoginwithTestNG -->
