<?xml version="1.0" encoding="UTF-8"?>
<!-- Generated by org.testng.reporters.JUnitReportReporter -->
<testsuite hostname="Madan" failures="0" tests="4" name="seleniumPrcatice.ValidateAdactinLogin" time="25.438" errors="0" timestamp="2025-08-31T16:06:41 IST" skipped="0">
  <testcase classname="seleniumPrcatice.ValidateAdactinLogin" name="validateAdactinLoginTest2" time="6.156"/>
  <testcase classname="seleniumPrcatice.ValidateAdactinLogin" name="validateAdactinLoginTest3" time="6.174"/>
  <testcase classname="seleniumPrcatice.ValidateAdactinLogin" name="validateAdactinLoginTest1" time="6.492"/>
  <testcase classname="seleniumPrcatice.ValidateAdactinLogin" name="validateAdactinLoginTest4" time="6.616"/>
</testsuite> <!-- seleniumPrcatice.ValidateAdactinLogin -->
