<?xml version="1.0" encoding="UTF-8"?>
<!-- Generated by org.testng.reporters.JUnitXMLReporter -->
<testsuite ignored="0" hostname="Madan" failures="0" tests="3" name="Default test" time="0.067" errors="0" timestamp="2025-08-31T16:09:18 IST">
  <testcase classname="seleniumPrcatice.AdactinLoginwithTestNG" name="loginUsingInValidUsernameAndValidPassword" time="0.008"/>
  <testcase classname="seleniumPrcatice.AdactinLoginwithTestNG" name="loginUsingValidUsernameAndInValidPassword" time="0.002"/>
  <testcase classname="seleniumPrcatice.AdactinLoginwithTestNG" name="loginUsingValidUsernameAndValidPassword" time="0.001"/>
</testsuite> <!-- Default test -->
