<?xml version="1.0" encoding="UTF-8"?>
<testng-results ignored="0" total="3" passed="3" failed="0" skipped="0">
  <reporter-output>
  </reporter-output>
  <suite started-at="2025-08-31T16:09:18 IST" name="Default suite" finished-at="2025-08-31T16:09:18 IST" duration-ms="67">
    <groups>
    </groups>
    <test started-at="2025-08-31T16:09:18 IST" name="Default test" finished-at="2025-08-31T16:09:18 IST" duration-ms="67">
      <class name="seleniumPrcatice.AdactinLoginwithTestNG">
        <test-method signature="loginUsingInValidUsernameAndValidPassword()[pri:0, instance:seleniumPrcatice.AdactinLoginwithTestNG@4c60d6e9]" started-at="2025-08-31T16:09:18 IST" name="loginUsingInValidUsernameAndValidPassword" finished-at="2025-08-31T16:09:18 IST" duration-ms="8" status="PASS">
          <reporter-output>
          </reporter-output>
        </test-method> <!-- loginUsingInValidUsernameAndValidPassword -->
        <test-method signature="loginUsingValidUsernameAndInValidPassword()[pri:0, instance:seleniumPrcatice.AdactinLoginwithTestNG@4c60d6e9]" started-at="2025-08-31T16:09:18 IST" name="loginUsingValidUsernameAndInValidPassword" finished-at="2025-08-31T16:09:18 IST" duration-ms="2" status="PASS">
          <reporter-output>
          </reporter-output>
        </test-method> <!-- loginUsingValidUsernameAndInValidPassword -->
        <test-method signature="loginUsingValidUsernameAndValidPassword()[pri:0, instance:seleniumPrcatice.AdactinLoginwithTestNG@4c60d6e9]" started-at="2025-08-31T16:09:18 IST" name="loginUsingValidUsernameAndValidPassword" finished-at="2025-08-31T16:09:18 IST" duration-ms="1" status="PASS">
          <reporter-output>
          </reporter-output>
        </test-method> <!-- loginUsingValidUsernameAndValidPassword -->
      </class> <!-- seleniumPrcatice.AdactinLoginwithTestNG -->
    </test> <!-- Default test -->
  </suite> <!-- Default suite -->
</testng-results>
