<?xml version="1.0" encoding="UTF-8"?>
<!-- Generated by org.testng.reporters.JUnitXMLReporter -->
<testsuite ignored="3" hostname="Madan" failures="0" tests="4" name="Test" time="19.031" errors="0" timestamp="2026-02-19T12:08:05 IST">
  <testcase classname="mar2nd.AdactinLogin" name="loginUsingValidUsernameAndValidPassword" time="0.018"/>
  <testcase classname="mar2nd.AdactinLogin" name="loginUsingInValidUsernameAndValidPassword" time="0.004"/>
  <testcase classname="mar4th.ValidateAdactinLogin" name="validateAdactinLoginTest1" time="1.274"/>
  <testcase classname="mar4th.ValidateAdactinLogin" name="validateAdactinLoginTest2" time="0.875"/>
  <testcase classname="mar4th.ValidateAdactinLogin" name="validateAdactinLoginTest4" time="0.0">
    <ignored/>
  </testcase> <!-- validateAdactinLoginTest4 -->
  <testcase classname="mar4th.ValidateAdactinLogin" name="validateAdactinLoginTest3" time="0.0">
    <ignored/>
  </testcase> <!-- validateAdactinLoginTest3 -->
  <testcase classname="mar2nd.AdactinLogin" name="loginUsingValidUsernameAndInValidPassword" time="0.0">
    <ignored/>
  </testcase> <!-- loginUsingValidUsernameAndInValidPassword -->
</testsuite> <!-- Test -->
