<?xml version="1.0" encoding="UTF-8"?>
<!-- Generated by org.testng.reporters.JUnitReportReporter -->
<testsuite hostname="Madan" failures="0" tests="4" name="mar4th.ValidateAdactinLogin" time="29.343" errors="0" timestamp="2025-09-07T20:02:43 IST" skipped="0">
  <testcase classname="mar4th.ValidateAdactinLogin" name="validateAdactinLoginTest1" time="7.258"/>
  <testcase classname="mar4th.ValidateAdactinLogin" name="validateAdactinLoginTest2" time="6.562"/>
  <testcase classname="mar4th.ValidateAdactinLogin" name="validateAdactinLoginTest4" time="6.940"/>
  <testcase classname="mar4th.ValidateAdactinLogin" name="validateAdactinLoginTest3" time="8.583"/>
</testsuite> <!-- mar4th.ValidateAdactinLogin -->
