<?xml version="1.0" encoding="UTF-8"?>
<!-- Generated by org.testng.reporters.JUnitReportReporter -->
<testsuite hostname="Madan" failures="0" tests="3" name="mar2nd.AdactinLogin2" time="0.009" errors="0" timestamp="2025-09-17T12:23:48 IST" skipped="0">
  <testcase classname="mar2nd.AdactinLogin2" name="loginUsingInValidUsernameAndValidPassword" time="0.006"/>
  <testcase classname="mar2nd.AdactinLogin2" name="loginUsingValidUsernameAndInValidPassword" time="0.001"/>
  <testcase classname="mar2nd.AdactinLogin2" name="loginUsingValidUsernameAndValidPassword" time="0.002"/>
</testsuite> <!-- mar2nd.AdactinLogin2 -->
