<?xml version="1.0" encoding="UTF-8"?>
<!-- Generated by org.testng.reporters.JUnitReportReporter -->
<testsuite hostname="Madan" failures="0" tests="3" name="mar2nd.AdactinLogin" time="0.013" errors="0" timestamp="2025-09-07T20:00:37 IST" skipped="0">
  <testcase classname="mar2nd.AdactinLogin" name="loginUsingValidUsernameAndInValidPassword" time="0.007"/>
  <testcase classname="mar2nd.AdactinLogin" name="loginUsingValidUsernameAndValidPassword" time="0.001"/>
  <testcase classname="mar2nd.AdactinLogin" name="loginUsingInValidUsernameAndValidPassword" time="0.005"/>
</testsuite> <!-- mar2nd.AdactinLogin -->
