<?xml version="1.0" encoding="UTF-8"?>
<!-- Generated by org.testng.reporters.JUnitReportReporter -->
<testsuite hostname="Madan" failures="0" tests="3" name="mar15th.CheckBox" time="33.628" errors="0" timestamp="2025-10-24T12:19:11 IST" skipped="0">
  <testcase classname="mar15th.CheckBox" name="checkBoxTest2" time="12.056"/>
  <testcase classname="mar15th.CheckBox" name="checkBoxTest3" time="14.403"/>
  <testcase classname="mar15th.CheckBox" name="checkBoxTest" time="7.169"/>
</testsuite> <!-- mar15th.CheckBox -->
