<?xml version="1.0" encoding="UTF-8"?>
<!-- Generated by org.testng.reporters.JUnitReportReporter -->
<testsuite hostname="Madan" failures="0" tests="2" name="mar4th.ValidateAdactinLogin" time="18.809" errors="0" timestamp="2026-02-19T12:08:05 IST" skipped="0">
  <testcase classname="mar4th.ValidateAdactinLogin" name="validateAdactinLoginTest1" time="11.495"/>
  <testcase classname="mar4th.ValidateAdactinLogin" name="validateAdactinLoginTest2" time="7.314"/>
</testsuite> <!-- mar4th.ValidateAdactinLogin -->
