<?xml version="1.0" encoding="UTF-8"?>
<!-- Generated by org.testng.reporters.JUnitReportReporter -->
<testsuite hostname="Madan" failures="0" tests="2" name="mar2nd.AdactinLogin" time="0.043" errors="0" timestamp="2026-02-19T12:08:05 IST" skipped="0">
  <testcase classname="mar2nd.AdactinLogin" name="loginUsingValidUsernameAndValidPassword" time="0.020"/>
  <testcase classname="mar2nd.AdactinLogin" name="loginUsingInValidUsernameAndValidPassword" time="0.023"/>
</testsuite> <!-- mar2nd.AdactinLogin -->
